nbtec16




nbtec12


nbtec12




nbtec12
nbtec12




nbtec12

signal (2): Unterbrechung
in expression starting at /home/judith/Vertiefung/CC1DQHO/main.jl:36
jl_thread_self at /buildworker/worker/package_linux64/build/src/tls.h:15 [inlined]
jl_mutex_wait at /buildworker/worker/package_linux64/build/src/locks.h:23 [inlined]
jl_mutex_lock at /buildworker/worker/package_linux64/build/src/locks.h:93 [inlined]
jl_get_binding_ at /buildworker/worker/package_linux64/build/src/module.c:280
jl_get_global at /buildworker/worker/package_linux64/build/src/module.c:561
jl_eval_global_var at /buildworker/worker/package_linux64/build/src/interpreter.c:139
abstract_eval_global at ./compiler/abstractinterpretation.jl:1129 [inlined]
abstract_eval at ./compiler/abstractinterpretation.jl:987
abstract_eval at ./compiler/abstractinterpretation.jl:999
typeinf_local at ./compiler/abstractinterpretation.jl:1270
typeinf_nocycle at ./compiler/abstractinterpretation.jl:1326
typeinf at ./compiler/typeinfer.jl:12
typeinf_edge at ./compiler/typeinfer.jl:484
abstract_call_method at ./compiler/abstractinterpretation.jl:419
abstract_call_gf_by_type at ./compiler/abstractinterpretation.jl:111
abstract_call_known at ./compiler/abstractinterpretation.jl:904
abstract_call at ./compiler/abstractinterpretation.jl:926
abstract_call at ./compiler/abstractinterpretation.jl:911
abstract_eval at ./compiler/abstractinterpretation.jl:1005
typeinf_local at ./compiler/abstractinterpretation.jl:1270
typeinf_nocycle at ./compiler/abstractinterpretation.jl:1326
typeinf at ./compiler/typeinfer.jl:12
typeinf_edge at ./compiler/typeinfer.jl:484
abstract_call_method at ./compiler/abstractinterpretation.jl:419
abstract_call_gf_by_type at ./compiler/abstractinterpretation.jl:111
abstract_call_known at ./compiler/abstractinterpretation.jl:904
abstract_call at ./compiler/abstractinterpretation.jl:926
abstract_call at ./compiler/abstractinterpretation.jl:911
abstract_eval at ./compiler/abstractinterpretation.jl:1005
typeinf_local at ./compiler/abstractinterpretation.jl:1270
typeinf_nocycle at ./compiler/abstractinterpretation.jl:1326
typeinf at ./compiler/typeinfer.jl:12
typeinf_edge at ./compiler/typeinfer.jl:484
abstract_call_method at ./compiler/abstractinterpretation.jl:419
abstract_call_gf_by_type at ./compiler/abstractinterpretation.jl:111
abstract_call_known at ./compiler/abstractinterpretation.jl:904
abstract_call at ./compiler/abstractinterpretation.jl:926
abstract_call at ./compiler/abstractinterpretation.jl:911
abstract_eval at ./compiler/abstractinterpretation.jl:1005
typeinf_local at ./compiler/abstractinterpretation.jl:1270
typeinf_nocycle at ./compiler/abstractinterpretation.jl:1326
typeinf at ./compiler/typeinfer.jl:12
typeinf_edge at ./compiler/typeinfer.jl:484
abstract_call_method at ./compiler/abstractinterpretation.jl:419
abstract_call_gf_by_type at ./compiler/abstractinterpretation.jl:111
abstract_call_known at ./compiler/abstractinterpretation.jl:904
abstract_call at ./compiler/abstractinterpretation.jl:926
abstract_call at ./compiler/abstractinterpretation.jl:911
abstract_eval at ./compiler/abstractinterpretation.jl:1005
typeinf_local at ./compiler/abstractinterpretation.jl:1270
typeinf_nocycle at ./compiler/abstractinterpretation.jl:1326
typeinf at ./compiler/typeinfer.jl:12
typeinf_edge at ./compiler/typeinfer.jl:484
abstract_call_method at ./compiler/abstractinterpretation.jl:419
abstract_call_gf_by_type at ./compiler/abstractinterpretation.jl:111
abstract_call_known at ./compiler/abstractinterpretation.jl:904
abstract_call at ./compiler/abstractinterpretation.jl:926
abstract_call at ./compiler/abstractinterpretation.jl:911
abstract_eval at ./compiler/abstractinterpretation.jl:1005
typeinf_local at ./compiler/abstractinterpretation.jl:1270
typeinf_nocycle at ./compiler/abstractinterpretation.jl:1326
typeinf at ./compiler/typeinfer.jl:12
typeinf_edge at ./compiler/typeinfer.jl:484
abstract_call_method at ./compiler/abstractinterpretation.jl:419
abstract_call_gf_by_type at ./compiler/abstractinterpretation.jl:111
abstract_call_known at ./compiler/abstractinterpretation.jl:904
abstract_call at ./compiler/abstractinterpretation.jl:926
abstract_call at ./compiler/abstractinterpretation.jl:911
abstract_eval at ./compiler/abstractinterpretation.jl:1005
typeinf_local at ./compiler/abstractinterpretation.jl:1270
typeinf_nocycle at ./compiler/abstractinterpretation.jl:1326
typeinf at ./compiler/typeinfer.jl:12
typeinf_edge at ./compiler/typeinfer.jl:484
abstract_call_method at ./compiler/abstractinterpretation.jl:419
abstract_call_gf_by_type at ./compiler/abstractinterpretation.jl:111
abstract_call_known at ./compiler/abstractinterpretation.jl:904
abstract_call at ./compiler/abstractinterpretation.jl:926
abstract_call at ./compiler/abstractinterpretation.jl:911
abstract_eval at ./compiler/abstractinterpretation.jl:1005
typeinf_local at ./compiler/abstractinterpretation.jl:1270
typeinf_nocycle at ./compiler/abstractinterpretation.jl:1326
typeinf at ./compiler/typeinfer.jl:12
typeinf_edge at ./compiler/typeinfer.jl:484
abstract_call_method at ./compiler/abstractinterpretation.jl:419
abstract_call_gf_by_type at ./compiler/abstractinterpretation.jl:111
abstract_call_known at ./compiler/abstractinterpretation.jl:904
abstract_call at ./compiler/abstractinterpretation.jl:926
abstract_call at ./compiler/abstractinterpretation.jl:911
abstract_eval at ./compiler/abstractinterpretation.jl:1005
typeinf_local at ./compiler/abstractinterpretation.jl:1270
typeinf_nocycle at ./compiler/abstractinterpretation.jl:1326
typeinf at ./compiler/typeinfer.jl:12
typeinf_edge at ./compiler/typeinfer.jl:484
abstract_call_method at ./compiler/abstractinterpretation.jl:419
abstract_call_gf_by_type at ./compiler/abstractinterpretation.jl:111
abstract_call_known at ./compiler/abstractinterpretation.jl:904
abstract_call at ./compiler/abstractinterpretation.jl:926
abstract_call at ./compiler/abstractinterpretation.jl:911
abstract_eval at ./compiler/abstractinterpretation.jl:1005
typeinf_local at ./compiler/abstractinterpretation.jl:1270
typeinf_nocycle at ./compiler/abstractinterpretation.jl:1326
typeinf at ./compiler/typeinfer.jl:12
typeinf_edge at ./compiler/typeinfer.jl:484
abstract_call_method at ./compiler/abstractinterpretation.jl:419
abstract_call_gf_by_type at ./compiler/abstractinterpretation.jl:111
abstract_call_known at ./compiler/abstractinterpretation.jl:904
abstract_call at ./compiler/abstractinterpretation.jl:926
abstract_call at ./compiler/abstractinterpretation.jl:911
abstract_eval at ./compiler/abstractinterpretation.jl:1005
typeinf_local at ./compiler/abstractinterpretation.jl:1270
typeinf_nocycle at ./compiler/abstractinterpretation.jl:1326
typeinf at ./compiler/typeinfer.jl:12
typeinf_edge at ./compiler/typeinfer.jl:484
abstract_call_method at ./compiler/abstractinterpretation.jl:419
abstract_call_gf_by_type at ./compiler/abstractinterpretation.jl:111
abstract_call_known at ./compiler/abstractinterpretation.jl:904
abstract_call at ./compiler/abstractinterpretation.jl:926
abstract_call at ./compiler/abstractinterpretation.jl:911
abstract_eval at ./compiler/abstractinterpretation.jl:1005
typeinf_local at ./compiler/abstractinterpretation.jl:1255
typeinf_nocycle at ./compiler/abstractinterpretation.jl:1326
typeinf at ./compiler/typeinfer.jl:12
typeinf_edge at ./compiler/typeinfer.jl:484
abstract_call_method at ./compiler/abstractinterpretation.jl:419
abstract_call_gf_by_type at ./compiler/abstractinterpretation.jl:111
abstract_call_known at ./compiler/abstractinterpretation.jl:904
abstract_call at ./compiler/abstractinterpretation.jl:926
abstract_call at ./compiler/abstractinterpretation.jl:911
abstract_eval at ./compiler/abstractinterpretation.jl:1005
typeinf_local at ./compiler/abstractinterpretation.jl:1270
typeinf_nocycle at ./compiler/abstractinterpretation.jl:1326
typeinf at ./compiler/typeinfer.jl:12
typeinf_edge at ./compiler/typeinfer.jl:484
abstract_call_method at ./compiler/abstractinterpretation.jl:419
abstract_call_gf_by_type at ./compiler/abstractinterpretation.jl:111
abstract_call_known at ./compiler/abstractinterpretation.jl:904
abstract_call at ./compiler/abstractinterpretation.jl:926
abstract_call at ./compiler/abstractinterpretation.jl:911
abstract_eval at ./compiler/abstractinterpretation.jl:1005
typeinf_local at ./compiler/abstractinterpretation.jl:1270
typeinf_nocycle at ./compiler/abstractinterpretation.jl:1326
typeinf at ./compiler/typeinfer.jl:12
typeinf_edge at ./compiler/typeinfer.jl:484
abstract_call_method at ./compiler/abstractinterpretation.jl:419
abstract_call_gf_by_type at ./compiler/abstractinterpretation.jl:111
abstract_call_known at ./compiler/abstractinterpretation.jl:904
abstract_call at ./compiler/abstractinterpretation.jl:926
abstract_call at ./compiler/abstractinterpretation.jl:911
abstract_eval at ./compiler/abstractinterpretation.jl:1005
typeinf_local at ./compiler/abstractinterpretation.jl:1270
typeinf_nocycle at ./compiler/abstractinterpretation.jl:1326
typeinf at ./compiler/typeinfer.jl:12
typeinf_edge at ./compiler/typeinfer.jl:484
abstract_call_method at ./compiler/abstractinterpretation.jl:419
abstract_call_gf_by_type at ./compiler/abstractinterpretation.jl:111
abstract_call_known at ./compiler/abstractinterpretation.jl:904
abstract_call at ./compiler/abstractinterpretation.jl:926
abstract_call at ./compiler/abstractinterpretation.jl:911
abstract_eval at ./compiler/abstractinterpretation.jl:1005
typeinf_local at ./compiler/abstractinterpretation.jl:1255
typeinf_nocycle at ./compiler/abstractinterpretation.jl:1326
typeinf at ./compiler/typeinfer.jl:12
typeinf_edge at ./compiler/typeinfer.jl:484
abstract_call_method at ./compiler/abstractinterpretation.jl:419
abstract_call_gf_by_type at ./compiler/abstractinterpretation.jl:111
abstract_call_known at ./compiler/abstractinterpretation.jl:904
abstract_call at ./compiler/abstractinterpretation.jl:926
abstract_call at ./compiler/abstractinterpretation.jl:911
abstract_eval at ./compiler/abstractinterpretation.jl:1005
typeinf_local at ./compiler/abstractinterpretation.jl:1255
typeinf_nocycle at ./compiler/abstractinterpretation.jl:1326
typeinf at ./compiler/typeinfer.jl:12
typeinf_edge at ./compiler/typeinfer.jl:484
abstract_call_method at ./compiler/abstractinterpretation.jl:419
abstract_call_gf_by_type at ./compiler/abstractinterpretation.jl:111
abstract_call_known at ./compiler/abstractinterpretation.jl:904
abstract_call at ./compiler/abstractinterpretation.jl:926
abstract_call at ./compiler/abstractinterpretation.jl:911
abstract_eval at ./compiler/abstractinterpretation.jl:1005
typeinf_local at ./compiler/abstractinterpretation.jl:1255
typeinf_nocycle at ./compiler/abstractinterpretation.jl:1326
typeinf at ./compiler/typeinfer.jl:12
typeinf_edge at ./compiler/typeinfer.jl:484
abstract_call_method at ./compiler/abstractinterpretation.jl:419
abstract_call_gf_by_type at ./compiler/abstractinterpretation.jl:111
abstract_call_known at ./compiler/abstractinterpretation.jl:904
abstract_call at ./compiler/abstractinterpretation.jl:926
abstract_call at ./compiler/abstractinterpretation.jl:911
abstract_eval at ./compiler/abstractinterpretation.jl:1005
typeinf_local at ./compiler/abstractinterpretation.jl:1270
typeinf_nocycle at ./compiler/abstractinterpretation.jl:1326
typeinf at ./compiler/typeinfer.jl:12
typeinf_ext at ./compiler/typeinfer.jl:570
typeinf_ext at ./compiler/typeinfer.jl:601
jfptr_typeinf_ext_18154.clone_1 at /home/judith/Vertiefung/julia-1.5.2/lib/julia/sys.so (unknown line)
_jl_invoke at /buildworker/worker/package_linux64/build/src/gf.c:2214 [inlined]
jl_apply_generic at /buildworker/worker/package_linux64/build/src/gf.c:2398
jl_apply at /buildworker/worker/package_linux64/build/src/julia.h:1690 [inlined]
jl_type_infer at /buildworker/worker/package_linux64/build/src/gf.c:296
jl_generate_fptr at /buildworker/worker/package_linux64/build/src/jitlayers.cpp:290
jl_compile_method_internal at /buildworker/worker/package_linux64/build/src/gf.c:1964
jl_compile_method_internal at /buildworker/worker/package_linux64/build/src/gf.c:1919 [inlined]
_jl_invoke at /buildworker/worker/package_linux64/build/src/gf.c:2224 [inlined]
jl_apply_generic at /buildworker/worker/package_linux64/build/src/gf.c:2398
jl_apply at /buildworker/worker/package_linux64/build/src/julia.h:1690 [inlined]
do_call at /buildworker/worker/package_linux64/build/src/interpreter.c:117
eval_value at /buildworker/worker/package_linux64/build/src/interpreter.c:206
eval_stmt_value at /buildworker/worker/package_linux64/build/src/interpreter.c:157 [inlined]
eval_body at /buildworker/worker/package_linux64/build/src/interpreter.c:566
jl_interpret_toplevel_thunk at /buildworker/worker/package_linux64/build/src/interpreter.c:660
jl_toplevel_eval_flex at /buildworker/worker/package_linux64/build/src/toplevel.c:840
jl_parse_eval_all at /buildworker/worker/package_linux64/build/src/ast.c:913
jl_load_rewrite at /buildworker/worker/package_linux64/build/src/toplevel.c:914
include at ./Base.jl:380
include at ./Base.jl:368
_jl_invoke at /buildworker/worker/package_linux64/build/src/gf.c:2214 [inlined]
jl_apply_generic at /buildworker/worker/package_linux64/build/src/gf.c:2398
exec_options at ./client.jl:296
_start at ./client.jl:506
jfptr__start_60376.clone_1 at /home/judith/Vertiefung/julia-1.5.2/lib/julia/sys.so (unknown line)
_jl_invoke at /buildworker/worker/package_linux64/build/src/gf.c:2214 [inlined]
jl_apply_generic at /buildworker/worker/package_linux64/build/src/gf.c:2398
unknown function (ip: 0x401931)
unknown function (ip: 0x401533)
__libc_start_main at /lib/x86_64-linux-gnu/libc.so.6 (unknown line)
unknown function (ip: 0x4015d4)
unknown function (ip: (nil))
Allocations: 15839850 (Pool: 15832851; Big: 6999); GC: 17
nbtec12





signal (2): Unterbrechung
in expression starting at /home/judith/Vertiefung/CC1DQHO/TecDetails.jl:9
_ZNK4llvm12MachineInstr23hasUnmodeledSideEffectsEv at /home/judith/Vertiefung/julia-1.5.2/bin/../lib/julia/libLLVM-9jl.so (unknown line)
_ZN12_GLOBAL__N_117PeepholeOptimizer20runOnMachineFunctionERN4llvm15MachineFunctionE.part.217 at /home/judith/Vertiefung/julia-1.5.2/bin/../lib/julia/libLLVM-9jl.so (unknown line)
_ZN4llvm19MachineFunctionPass13runOnFunctionERNS_8FunctionE at /home/judith/Vertiefung/julia-1.5.2/bin/../lib/julia/libLLVM-9jl.so (unknown line)
_ZN4llvm13FPPassManager13runOnFunctionERNS_8FunctionE at /home/judith/Vertiefung/julia-1.5.2/bin/../lib/julia/libLLVM-9jl.so (unknown line)
_ZN4llvm13FPPassManager11runOnModuleERNS_6ModuleE at /home/judith/Vertiefung/julia-1.5.2/bin/../lib/julia/libLLVM-9jl.so (unknown line)
_ZN4llvm6legacy15PassManagerImpl3runERNS_6ModuleE at /home/judith/Vertiefung/julia-1.5.2/bin/../lib/julia/libLLVM-9jl.so (unknown line)
operator() at /buildworker/worker/package_linux64/build/src/jitlayers.cpp:520
addModule at /buildworker/worker/package_linux64/build/usr/include/llvm/ExecutionEngine/Orc/IRCompileLayer.h:93 [inlined]
addModule at /buildworker/worker/package_linux64/build/src/jitlayers.cpp:648
jl_add_to_ee at /buildworker/worker/package_linux64/build/src/jitlayers.cpp:893 [inlined]
jl_add_to_ee at /buildworker/worker/package_linux64/build/src/jitlayers.cpp:955
jl_add_to_ee at /buildworker/worker/package_linux64/build/src/jitlayers.cpp:977 [inlined]
_jl_compile_codeinst at /buildworker/worker/package_linux64/build/src/jitlayers.cpp:126
jl_generate_fptr at /buildworker/worker/package_linux64/build/src/jitlayers.cpp:302
jl_compile_method_internal at /buildworker/worker/package_linux64/build/src/gf.c:1964
jl_compile_method_internal at /buildworker/worker/package_linux64/build/src/gf.c:1919 [inlined]
_jl_invoke at /buildworker/worker/package_linux64/build/src/gf.c:2224 [inlined]
jl_apply_generic at /buildworker/worker/package_linux64/build/src/gf.c:2398
dlm_fill at /buildworker/worker/package_linux64/build/usr/share/julia/stdlib/v1.5/DelimitedFiles/src/DelimitedFiles.jl:499
unknown function (ip: 0x7f9c74b9c3ec)
_jl_invoke at /buildworker/worker/package_linux64/build/src/gf.c:2231 [inlined]
jl_apply_generic at /buildworker/worker/package_linux64/build/src/gf.c:2398
readdlm_string at /buildworker/worker/package_linux64/build/usr/share/julia/stdlib/v1.5/DelimitedFiles/src/DelimitedFiles.jl:470
#readdlm_auto#9 at /buildworker/worker/package_linux64/build/usr/share/julia/stdlib/v1.5/DelimitedFiles/src/DelimitedFiles.jl:244
unknown function (ip: 0x7f9c74b99081)
readdlm_auto##kw at /buildworker/worker/package_linux64/build/usr/share/julia/stdlib/v1.5/DelimitedFiles/src/DelimitedFiles.jl:233 [inlined]
#readdlm#5 at /buildworker/worker/package_linux64/build/usr/share/julia/stdlib/v1.5/DelimitedFiles/src/DelimitedFiles.jl:170 [inlined]
readdlm##kw at /buildworker/worker/package_linux64/build/usr/share/julia/stdlib/v1.5/DelimitedFiles/src/DelimitedFiles.jl:170 [inlined]
#readdlm#3 at /buildworker/worker/package_linux64/build/usr/share/julia/stdlib/v1.5/DelimitedFiles/src/DelimitedFiles.jl:118 [inlined]
readdlm##kw at /buildworker/worker/package_linux64/build/usr/share/julia/stdlib/v1.5/DelimitedFiles/src/DelimitedFiles.jl:118
unknown function (ip: 0x7f9c74b95d85)
_jl_invoke at /buildworker/worker/package_linux64/build/src/gf.c:2231 [inlined]
jl_apply_generic at /buildworker/worker/package_linux64/build/src/gf.c:2398
jl_apply at /buildworker/worker/package_linux64/build/src/julia.h:1690 [inlined]
do_call at /buildworker/worker/package_linux64/build/src/interpreter.c:117
eval_value at /buildworker/worker/package_linux64/build/src/interpreter.c:206
eval_stmt_value at /buildworker/worker/package_linux64/build/src/interpreter.c:157 [inlined]
eval_body at /buildworker/worker/package_linux64/build/src/interpreter.c:566
jl_interpret_toplevel_thunk at /buildworker/worker/package_linux64/build/src/interpreter.c:660
jl_toplevel_eval_flex at /buildworker/worker/package_linux64/build/src/toplevel.c:840
jl_parse_eval_all at /buildworker/worker/package_linux64/build/src/ast.c:913
jl_load_rewrite at /buildworker/worker/package_linux64/build/src/toplevel.c:914
include at ./client.jl:457
_jl_invoke at /buildworker/worker/package_linux64/build/src/gf.c:2231 [inlined]
jl_apply_generic at /buildworker/worker/package_linux64/build/src/gf.c:2398
jl_apply at /buildworker/worker/package_linux64/build/src/julia.h:1690 [inlined]
do_call at /buildworker/worker/package_linux64/build/src/interpreter.c:117
eval_value at /buildworker/worker/package_linux64/build/src/interpreter.c:206
eval_stmt_value at /buildworker/worker/package_linux64/build/src/interpreter.c:157 [inlined]
eval_body at /buildworker/worker/package_linux64/build/src/interpreter.c:566
jl_interpret_toplevel_thunk at /buildworker/worker/package_linux64/build/src/interpreter.c:660
jl_toplevel_eval_flex at /buildworker/worker/package_linux64/build/src/toplevel.c:840
jl_parse_eval_all at /buildworker/worker/package_linux64/build/src/ast.c:913
jl_load_rewrite at /buildworker/worker/package_linux64/build/src/toplevel.c:914
include at ./Base.jl:380
include at ./Base.jl:368
_jl_invoke at /buildworker/worker/package_linux64/build/src/gf.c:2214 [inlined]
jl_apply_generic at /buildworker/worker/package_linux64/build/src/gf.c:2398
exec_options at ./client.jl:296
_start at ./client.jl:506
jfptr__start_60376.clone_1 at /home/judith/Vertiefung/julia-1.5.2/lib/julia/sys.so (unknown line)
_jl_invoke at /buildworker/worker/package_linux64/build/src/gf.c:2214 [inlined]
jl_apply_generic at /buildworker/worker/package_linux64/build/src/gf.c:2398
unknown function (ip: 0x401931)
unknown function (ip: 0x401533)
__libc_start_main at /lib/x86_64-linux-gnu/libc.so.6 (unknown line)
unknown function (ip: 0x4015d4)
unknown function (ip: (nil))
Allocations: 1621037 (Pool: 1620415; Big: 622); GC: 2
